This is pdfTeX, Version 3.141592653-2.6-1.40.24 (MiKTeX 22.12) (preloaded format=pdflatex 2022.12.12)  9 MAY 2023 00:47
entering extended mode
 restricted \write18 enabled.
 file:line:error style messages enabled.
 %&-line parsing enabled.
**"h:/My Drive/Notre Dame/Spring 2023/ACMS 80695/Options_Pricing_with_Neural_Networks_and_Gradient_Boosters/latex_files/report.tex"
(h:/My Drive/Notre Dame/Spring 2023/ACMS 80695/Options_Pricing_with_Neural_Networks_and_Gradient_Boosters/latex_files/report.tex
LaTeX2e <2022-11-01> patch level 1
L3 programming layer <2022-11-02> (C:\Users\Juanesh\AppData\Local\Programs\MiKTeX\tex/latex/base\article.cls
Document Class: article 2022/07/02 v1.4n Standard LaTeX document class
(C:\Users\Juanesh\AppData\Local\Programs\MiKTeX\tex/latex/base\size10.clo
File: size10.clo 2022/07/02 v1.4n Standard LaTeX file (size option)
)
\c@part=\count185
\c@section=\count186
\c@subsection=\count187
\c@subsubsection=\count188
\c@paragraph=\count189
\c@subparagraph=\count190
\c@figure=\count191
\c@table=\count192
\abovecaptionskip=\skip48
\belowcaptionskip=\skip49
\bibindent=\dimen140
) (C:\Users\Juanesh\AppData\Local\Programs\MiKTeX\tex/latex/url\url.sty
\Urlmuskip=\muskip16
Package: url 2013/09/16  ver 3.4  Verb mode for urls, etc.
) (C:\Users\Juanesh\AppData\Local\Programs\MiKTeX\tex/latex/hyperref\hyperref.sty
Package: hyperref 2022-11-13 v7.00u Hypertext links for LaTeX
 (C:\Users\Juanesh\AppData\Local\Programs\MiKTeX\tex/generic/ltxcmds\ltxcmds.sty
Package: ltxcmds 2020-05-10 v1.25 LaTeX kernel commands for general use (HO)
) (C:\Users\Juanesh\AppData\Local\Programs\MiKTeX\tex/generic/iftex\iftex.sty
Package: iftex 2022/02/03 v1.0f TeX engine tests
) (C:\Users\Juanesh\AppData\Local\Programs\MiKTeX\tex/generic/pdftexcmds\pdftexcmds.sty
Package: pdftexcmds 2020-06-27 v0.33 Utility functions of pdfTeX for LuaTeX (HO)
 (C:\Users\Juanesh\AppData\Local\Programs\MiKTeX\tex/generic/infwarerr\infwarerr.sty
Package: infwarerr 2019/12/03 v1.5 Providing info/warning/error messages (HO)
)
Package pdftexcmds Info: \pdf@primitive is available.
Package pdftexcmds Info: \pdf@ifprimitive is available.
Package pdftexcmds Info: \pdfdraftmode found.
) (C:\Users\Juanesh\AppData\Local\Programs\MiKTeX\tex/latex/graphics\keyval.sty
Package: keyval 2022/05/29 v1.15 key=value parser (DPC)
\KV@toks@=\toks16
) (C:\Users\Juanesh\AppData\Local\Programs\MiKTeX\tex/latex/kvsetkeys\kvsetkeys.sty
Package: kvsetkeys 2022-10-05 v1.19 Key value parser (HO)
) (C:\Users\Juanesh\AppData\Local\Programs\MiKTeX\tex/generic/kvdefinekeys\kvdefinekeys.sty
Package: kvdefinekeys 2019-12-19 v1.6 Define keys (HO)
) (C:\Users\Juanesh\AppData\Local\Programs\MiKTeX\tex/generic/pdfescape\pdfescape.sty
Package: pdfescape 2019/12/09 v1.15 Implements pdfTeX's escape features (HO)
) (C:\Users\Juanesh\AppData\Local\Programs\MiKTeX\tex/latex/hycolor\hycolor.sty
Package: hycolor 2020-01-27 v1.10 Color options for hyperref/bookmark (HO)
) (C:\Users\Juanesh\AppData\Local\Programs\MiKTeX\tex/latex/letltxmacro\letltxmacro.sty
Package: letltxmacro 2019/12/03 v1.6 Let assignment for LaTeX macros (HO)
) (C:\Users\Juanesh\AppData\Local\Programs\MiKTeX\tex/latex/auxhook\auxhook.sty
Package: auxhook 2019-12-17 v1.6 Hooks for auxiliary files (HO)
) (C:\Users\Juanesh\AppData\Local\Programs\MiKTeX\tex/latex/hyperref\nameref.sty
Package: nameref 2022-05-17 v2.50 Cross-referencing by name of section
 (C:\Users\Juanesh\AppData\Local\Programs\MiKTeX\tex/latex/refcount\refcount.sty
Package: refcount 2019/12/15 v3.6 Data extraction from label references (HO)
) (C:\Users\Juanesh\AppData\Local\Programs\MiKTeX\tex/generic/gettitlestring\gettitlestring.sty
Package: gettitlestring 2019/12/15 v1.6 Cleanup title references (HO)
 (C:\Users\Juanesh\AppData\Local\Programs\MiKTeX\tex/latex/kvoptions\kvoptions.sty
Package: kvoptions 2022-06-15 v3.15 Key value format for package options (HO)
))
\c@section@level=\count193
)
\@linkdim=\dimen141
\Hy@linkcounter=\count194
\Hy@pagecounter=\count195
 (C:\Users\Juanesh\AppData\Local\Programs\MiKTeX\tex/latex/hyperref\pd1enc.def
File: pd1enc.def 2022-11-13 v7.00u Hyperref: PDFDocEncoding definition (HO)
Now handling font encoding PD1 ...
... no UTF-8 mapping file for font encoding PD1
) (C:\Users\Juanesh\AppData\Local\Programs\MiKTeX\tex/generic/intcalc\intcalc.sty
Package: intcalc 2019/12/15 v1.3 Expandable calculations with integers (HO)
) (C:\Users\Juanesh\AppData\Local\Programs\MiKTeX\tex/generic/etexcmds\etexcmds.sty
Package: etexcmds 2019/12/15 v1.7 Avoid name clashes with e-TeX commands (HO)
)
\Hy@SavedSpaceFactor=\count196
 (C:\Users\Juanesh\AppData\Local\Programs\MiKTeX\tex/latex/hyperref\puenc.def
File: puenc.def 2022-11-13 v7.00u Hyperref: PDF Unicode definition (HO)
Now handling font encoding PU ...
... no UTF-8 mapping file for font encoding PU
)
Package hyperref Info: Hyper figures OFF on input line 4162.
Package hyperref Info: Link nesting OFF on input line 4167.
Package hyperref Info: Hyper index ON on input line 4170.
Package hyperref Info: Plain pages OFF on input line 4177.
Package hyperref Info: Backreferencing OFF on input line 4182.
Package hyperref Info: Implicit mode ON; LaTeX internals redefined.
Package hyperref Info: Bookmarks ON on input line 4410.
\c@Hy@tempcnt=\count197
LaTeX Info: Redefining \url on input line 4748.
\XeTeXLinkMargin=\dimen142
 (C:\Users\Juanesh\AppData\Local\Programs\MiKTeX\tex/generic/bitset\bitset.sty
Package: bitset 2019/12/09 v1.3 Handle bit-vector datatype (HO)
 (C:\Users\Juanesh\AppData\Local\Programs\MiKTeX\tex/generic/bigintcalc\bigintcalc.sty
Package: bigintcalc 2019/12/15 v1.5 Expandable calculations on big integers (HO)
))
\Fld@menulength=\count198
\Field@Width=\dimen143
\Fld@charsize=\dimen144
Package hyperref Info: Hyper figures OFF on input line 6027.
Package hyperref Info: Link nesting OFF on input line 6032.
Package hyperref Info: Hyper index ON on input line 6035.
Package hyperref Info: backreferencing OFF on input line 6042.
Package hyperref Info: Link coloring OFF on input line 6047.
Package hyperref Info: Link coloring with OCG OFF on input line 6052.
Package hyperref Info: PDF/A mode OFF on input line 6057.
 (C:\Users\Juanesh\AppData\Local\Programs\MiKTeX\tex/latex/base\atbegshi-ltx.sty
Package: atbegshi-ltx 2021/01/10 v1.0c Emulation of the original atbegshi
package with kernel methods
)
\Hy@abspage=\count199
\c@Item=\count266
\c@Hfootnote=\count267
)
Package hyperref Info: Driver (autodetected): hpdftex.
 (C:\Users\Juanesh\AppData\Local\Programs\MiKTeX\tex/latex/hyperref\hpdftex.def
File: hpdftex.def 2022-11-13 v7.00u Hyperref driver for pdfTeX
 (C:\Users\Juanesh\AppData\Local\Programs\MiKTeX\tex/latex/base\atveryend-ltx.sty
Package: atveryend-ltx 2020/08/19 v1.0a Emulation of the original atveryend package
with kernel methods
)
\Fld@listcount=\count268
\c@bookmark@seq@number=\count269
 (C:\Users\Juanesh\AppData\Local\Programs\MiKTeX\tex/latex/rerunfilecheck\rerunfilecheck.sty
Package: rerunfilecheck 2022-07-10 v1.10 Rerun checks for auxiliary files (HO)
 (C:\Users\Juanesh\AppData\Local\Programs\MiKTeX\tex/generic/uniquecounter\uniquecounter.sty
Package: uniquecounter 2019/12/15 v1.4 Provide unlimited unique counter (HO)
)
Package uniquecounter Info: New unique counter `rerunfilecheck' on input line 285.
)
\Hy@SectionHShift=\skip50
) (C:\Users\Juanesh\AppData\Local\Programs\MiKTeX\tex/latex/appendix\appendix.sty
Package: appendix 2020/02/08 v1.2c extra appendix facilities
\c@@pps=\count270
\c@@ppsavesec=\count271
\c@@ppsaveapp=\count272
) (C:\Users\Juanesh\AppData\Local\Programs\MiKTeX\tex/latex/xcolor\xcolor.sty
Package: xcolor 2022/06/12 v2.14 LaTeX color extensions (UK)
 (C:\Users\Juanesh\AppData\Local\Programs\MiKTeX\tex/latex/graphics-cfg\color.cfg
File: color.cfg 2016/01/02 v1.6 sample color configuration
)
Package xcolor Info: Driver file: pdftex.def on input line 227.
 (C:\Users\Juanesh\AppData\Local\Programs\MiKTeX\tex/latex/graphics-def\pdftex.def
File: pdftex.def 2022/09/22 v1.2b Graphics/color driver for pdftex
) (C:\Users\Juanesh\AppData\Local\Programs\MiKTeX\tex/latex/graphics\mathcolor.ltx)
Package xcolor Info: Model `cmy' substituted by `cmy0' on input line 1353.
Package xcolor Info: Model `hsb' substituted by `rgb' on input line 1357.
Package xcolor Info: Model `RGB' extended on input line 1369.
Package xcolor Info: Model `HTML' substituted by `rgb' on input line 1371.
Package xcolor Info: Model `Hsb' substituted by `hsb' on input line 1372.
Package xcolor Info: Model `tHsb' substituted by `hsb' on input line 1373.
Package xcolor Info: Model `HSB' substituted by `hsb' on input line 1374.
Package xcolor Info: Model `Gray' substituted by `gray' on input line 1375.
Package xcolor Info: Model `wave' substituted by `hsb' on input line 1376.
) (C:\Users\Juanesh\AppData\Local\Programs\MiKTeX\tex/latex/graphics\graphicx.sty
Package: graphicx 2021/09/16 v1.2d Enhanced LaTeX Graphics (DPC,SPQR)
 (C:\Users\Juanesh\AppData\Local\Programs\MiKTeX\tex/latex/graphics\graphics.sty
Package: graphics 2022/03/10 v1.4e Standard LaTeX Graphics (DPC,SPQR)
 (C:\Users\Juanesh\AppData\Local\Programs\MiKTeX\tex/latex/graphics\trig.sty
Package: trig 2021/08/11 v1.11 sin cos tan (DPC)
) (C:\Users\Juanesh\AppData\Local\Programs\MiKTeX\tex/latex/graphics-cfg\graphics.cfg
File: graphics.cfg 2016/06/04 v1.11 sample graphics configuration
)
Package graphics Info: Driver file: pdftex.def on input line 107.
)
\Gin@req@height=\dimen145
\Gin@req@width=\dimen146
) (C:\Users\Juanesh\AppData\Local\Programs\MiKTeX\tex/latex/float\float.sty
Package: float 2001/11/08 v1.3d Float enhancements (AL)
\c@float@type=\count273
\float@exts=\toks17
\float@box=\box51
\@float@everytoks=\toks18
\@floatcapt=\box52
) (C:\Users\Juanesh\AppData\Local\Programs\MiKTeX\tex/latex/tools\multicol.sty
Package: multicol 2021/11/30 v1.9d multicolumn formatting (FMi)
\c@tracingmulticols=\count274
\mult@box=\box53
\multicol@leftmargin=\dimen147
\c@unbalance=\count275
\c@collectmore=\count276
\doublecol@number=\count277
\multicoltolerance=\count278
\multicolpretolerance=\count279
\full@width=\dimen148
\page@free=\dimen149
\premulticols=\dimen150
\postmulticols=\dimen151
\multicolsep=\skip51
\multicolbaselineskip=\skip52
\partial@page=\box54
\last@line=\box55
\maxbalancingoverflow=\dimen152
\mult@rightbox=\box56
\mult@grightbox=\box57
\mult@firstbox=\box58
\mult@gfirstbox=\box59
\@tempa=\box60
\@tempa=\box61
\@tempa=\box62
\@tempa=\box63
\@tempa=\box64
\@tempa=\box65
\@tempa=\box66
\@tempa=\box67
\@tempa=\box68
\@tempa=\box69
\@tempa=\box70
\@tempa=\box71
\@tempa=\box72
\@tempa=\box73
\@tempa=\box74
\@tempa=\box75
\@tempa=\box76
\@tempa=\box77
\@tempa=\box78
\@tempa=\box79
\@tempa=\box80
\@tempa=\box81
\@tempa=\box82
\@tempa=\box83
\@tempa=\box84
\@tempa=\box85
\@tempa=\box86
\@tempa=\box87
\@tempa=\box88
\@tempa=\box89
\@tempa=\box90
\@tempa=\box91
\@tempa=\box92
\@tempa=\box93
\@tempa=\box94
\@tempa=\box95
\c@minrows=\count280
\c@columnbadness=\count281
\c@finalcolumnbadness=\count282
\last@try=\dimen153
\multicolovershoot=\dimen154
\multicolundershoot=\dimen155
\mult@nat@firstbox=\box96
\colbreak@box=\box97
\mc@col@check@num=\count283
) (C:\Users\Juanesh\AppData\Local\Programs\MiKTeX\tex/latex/fancyhdr\fancyhdr.sty
Package: fancyhdr 2022/11/09 v4.1 Extensive control of page headers and footers
\f@nch@headwidth=\skip53
\f@nch@O@elh=\skip54
\f@nch@O@erh=\skip55
\f@nch@O@olh=\skip56
\f@nch@O@orh=\skip57
\f@nch@O@elf=\skip58
\f@nch@O@erf=\skip59
\f@nch@O@olf=\skip60
\f@nch@O@orf=\skip61
) (C:\Users\Juanesh\AppData\Local\Programs\MiKTeX\tex/latex/listings\listings.sty
\lst@mode=\count284
\lst@gtempboxa=\box98
\lst@token=\toks19
\lst@length=\count285
\lst@currlwidth=\dimen156
\lst@column=\count286
\lst@pos=\count287
\lst@lostspace=\dimen157
\lst@width=\dimen158
\lst@newlines=\count288
\lst@lineno=\count289
\lst@maxwidth=\dimen159
 (C:\Users\Juanesh\AppData\Local\Programs\MiKTeX\tex/latex/listings\lstmisc.sty
File: lstmisc.sty 2020/03/24 1.8d (Carsten Heinz)
\c@lstnumber=\count290
\lst@skipnumbers=\count291
\lst@framebox=\box99
) (C:\Users\Juanesh\AppData\Local\Programs\MiKTeX\tex/latex/listings\listings.cfg
File: listings.cfg 2020/03/24 1.8d listings configuration
))
Package: listings 2020/03/24 1.8d (Carsten Heinz)
 (C:\Users\Juanesh\AppData\Local\Programs\MiKTeX\tex/latex/caption\caption.sty
Package: caption 2022/03/01 v3.6b Customizing captions (AR)
 (C:\Users\Juanesh\AppData\Local\Programs\MiKTeX\tex/latex/caption\caption3.sty
Package: caption3 2022/03/17 v2.3b caption3 kernel (AR)
\caption@tempdima=\dimen160
\captionmargin=\dimen161
\caption@leftmargin=\dimen162
\caption@rightmargin=\dimen163
\caption@width=\dimen164
\caption@indent=\dimen165
\caption@parindent=\dimen166
\caption@hangindent=\dimen167
Package caption Info: Standard document class detected.
)
\c@caption@flags=\count292
\c@continuedfloat=\count293
Package caption Info: float package is loaded.
Package caption Info: hyperref package is loaded.
Package caption Info: listings package is loaded.
) (C:\Users\Juanesh\AppData\Local\Programs\MiKTeX\tex/latex/amsmath\amsmath.sty
Package: amsmath 2022/04/08 v2.17n AMS math features
\@mathmargin=\skip62

For additional information on amsmath, use the `?' option.
(C:\Users\Juanesh\AppData\Local\Programs\MiKTeX\tex/latex/amsmath\amstext.sty
Package: amstext 2021/08/26 v2.01 AMS text
 (C:\Users\Juanesh\AppData\Local\Programs\MiKTeX\tex/latex/amsmath\amsgen.sty
File: amsgen.sty 1999/11/30 v2.0 generic functions
\@emptytoks=\toks20
\ex@=\dimen168
)) (C:\Users\Juanesh\AppData\Local\Programs\MiKTeX\tex/latex/amsmath\amsbsy.sty
Package: amsbsy 1999/11/29 v1.2d Bold Symbols
\pmbraise@=\dimen169
) (C:\Users\Juanesh\AppData\Local\Programs\MiKTeX\tex/latex/amsmath\amsopn.sty
Package: amsopn 2022/04/08 v2.04 operator names
)
\inf@bad=\count294
LaTeX Info: Redefining \frac on input line 234.
\uproot@=\count295
\leftroot@=\count296
LaTeX Info: Redefining \overline on input line 399.
LaTeX Info: Redefining \colon on input line 410.
\classnum@=\count297
\DOTSCASE@=\count298
LaTeX Info: Redefining \ldots on input line 496.
LaTeX Info: Redefining \dots on input line 499.
LaTeX Info: Redefining \cdots on input line 620.
\Mathstrutbox@=\box100
\strutbox@=\box101
LaTeX Info: Redefining \big on input line 722.
LaTeX Info: Redefining \Big on input line 723.
LaTeX Info: Redefining \bigg on input line 724.
LaTeX Info: Redefining \Bigg on input line 725.
\big@size=\dimen170
LaTeX Font Info:    Redeclaring font encoding OML on input line 743.
LaTeX Font Info:    Redeclaring font encoding OMS on input line 744.
\macc@depth=\count299
LaTeX Info: Redefining \bmod on input line 905.
LaTeX Info: Redefining \pmod on input line 910.
LaTeX Info: Redefining \smash on input line 940.
LaTeX Info: Redefining \relbar on input line 970.
LaTeX Info: Redefining \Relbar on input line 971.
\c@MaxMatrixCols=\count300
\dotsspace@=\muskip17
\c@parentequation=\count301
\dspbrk@lvl=\count302
\tag@help=\toks21
\row@=\count303
\column@=\count304
\maxfields@=\count305
\andhelp@=\toks22
\eqnshift@=\dimen171
\alignsep@=\dimen172
\tagshift@=\dimen173
\tagwidth@=\dimen174
\totwidth@=\dimen175
\lineht@=\dimen176
\@envbody=\toks23
\multlinegap=\skip63
\multlinetaggap=\skip64
\mathdisplay@stack=\toks24
LaTeX Info: Redefining \[ on input line 2953.
LaTeX Info: Redefining \] on input line 2954.
) (report_style.sty
\@maxsep=\dimen177
\@dblmaxsep=\dimen178
) (C:\Users\Juanesh\AppData\Local\Programs\MiKTeX\tex/latex/siunitx\siunitx.sty

C:\Users\Juanesh\AppData\Local\Programs\MiKTeX\tex/latex/siunitx\siunitx.sty:44: Package siunitx Error: Support package expl3 too old.

See the siunitx package documentation for explanation.
Type  H <return>  for immediate help.
 ...                                              
                                                  
l.44   }
        %
You need to update your installation of the bundles 'l3kernel' and 'l3packages'.
Loading\nobreakspace {}siunitx\nobreakspace {}will\nobreakspace {}abort!

)
h:/My Drive/Notre Dame/Spring 2023/ACMS 80695/Options_Pricing_with_Neural_Networks_and_Gradient_Boosters/latex_files/report.tex:15: Undefined control sequence.
<recently read> \sisetup 
                         
l.15 \sisetup
             {
The control sequence at the end of the top line
of your error message was never \def'ed. If you have
misspelled it (e.g., `\hobx'), type `I' and the correct
spelling (e.g., `I\hbox'). Otherwise just continue,
and I'll forget about whatever was undefined.


h:/My Drive/Notre Dame/Spring 2023/ACMS 80695/Options_Pricing_with_Neural_Networks_and_Gradient_Boosters/latex_files/report.tex:16: LaTeX Error: Missing \begin{document}.

See the LaTeX manual or LaTeX Companion for explanation.
Type  H <return>  for immediate help.
 ...                                              
                                                  
l.16   r
        ound-mode = places,
You're in trouble here.  Try typing  <return>  to proceed.
If that doesn't work, type  X <return>  to quit.

(C:\Users\Juanesh\AppData\Local\Programs\MiKTeX\tex/latex/l3backend\l3backend-pdftex.def
File: l3backend-pdftex.def 2022-10-26 L3 backend support: PDF output (pdfTeX)
\l__color_backend_stack_int=\count306
\l__pdf_internal_box=\box102
) (report.aux)
\openout1 = `report.aux'.

LaTeX Font Info:    Checking defaults for OML/cmm/m/it on input line 61.
LaTeX Font Info:    ... okay on input line 61.
LaTeX Font Info:    Checking defaults for OMS/cmsy/m/n on input line 61.
LaTeX Font Info:    ... okay on input line 61.
LaTeX Font Info:    Checking defaults for OT1/cmr/m/n on input line 61.
LaTeX Font Info:    ... okay on input line 61.
LaTeX Font Info:    Checking defaults for T1/cmr/m/n on input line 61.
LaTeX Font Info:    ... okay on input line 61.
LaTeX Font Info:    Checking defaults for TS1/cmr/m/n on input line 61.
LaTeX Font Info:    ... okay on input line 61.
LaTeX Font Info:    Checking defaults for OMX/cmex/m/n on input line 61.
LaTeX Font Info:    ... okay on input line 61.
LaTeX Font Info:    Checking defaults for U/cmr/m/n on input line 61.
LaTeX Font Info:    ... okay on input line 61.
LaTeX Font Info:    Checking defaults for PD1/pdf/m/n on input line 61.
LaTeX Font Info:    ... okay on input line 61.
LaTeX Font Info:    Checking defaults for PU/pdf/m/n on input line 61.
LaTeX Font Info:    ... okay on input line 61.
Package hyperref Info: Link coloring OFF on input line 61.
\@outlinefile=\write3
\openout3 = `report.out'.

 (C:\Users\Juanesh\AppData\Local\Programs\MiKTeX\tex/context/base/mkii\supp-pdf.mkii
[Loading MPS to PDF converter (version 2006.09.02).]
\scratchcounter=\count307
\scratchdimen=\dimen179
\scratchbox=\box103
\nofMPsegments=\count308
\nofMParguments=\count309
\everyMPshowfont=\toks25
\MPscratchCnt=\count310
\MPscratchDim=\dimen180
\MPnumerator=\count311
\makeMPintoPDFobject=\count312
\everyMPtoPDFconversion=\toks26
) (C:\Users\Juanesh\AppData\Local\Programs\MiKTeX\tex/latex/epstopdf-pkg\epstopdf-base.sty
Package: epstopdf-base 2020-01-24 v2.11 Base part for package epstopdf
Package epstopdf-base Info: Redefining graphics rule for `.eps' on input line 485.
 (C:\Users\Juanesh\AppData\Local\Programs\MiKTeX\tex/latex/00miktex\epstopdf-sys.cfg
File: epstopdf-sys.cfg 2021/03/18 v2.0 Configuration of epstopdf for MiKTeX
))
\c@lstlisting=\count313
Package caption Info: Begin \AtBeginDocument code.
Package caption Info: End \AtBeginDocument code.
 [1


{C:/Users/Juanesh/AppData/Local/MiKTeX/fonts/map/pdftex/pdftex.map}

]

LaTeX Warning: Citation `ke2019option' on page 2 undefined on input line 75.


LaTeX Warning: Citation `optionmetrics' on page 2 undefined on input line 75.


Underfull \vbox (badness 1178) has occurred while \output is active []



LaTeX Warning: Citation `malliaris1993beating' on page 2 undefined on input line 77.


LaTeX Warning: Citation `leRoux2001' on page 2 undefined on input line 77.

[2

]

LaTeX Warning: Citation `mitra2012option' on page 3 undefined on input line 79.


LaTeX Warning: Citation `can2014nonparametric' on page 3 undefined on input line 79.


LaTeX Warning: Citation `ruf2020neural' on page 3 undefined on input line 79.


LaTeX Warning: Reference `table:financialdata' on page 3 undefined on input line 83.


LaTeX Warning: Hyper reference `sec:appendix' on page 3 undefined on input line 83.

[3] (C:\Users\Juanesh\AppData\Local\Programs\MiKTeX\tex/latex/listings\lstlang1.sty
File: lstlang1.sty 2020/03/24 1.8d listings language file
)
Package hyperref Info: bookmark level for unknown lstlisting defaults to 0 on input line 106.
 [4]
LaTeX Font Info:    Font shape `OT1/cmtt/bx/n' in size <8> not available
(Font)              Font shape `OT1/cmtt/m/n' tried instead on input line 138.


LaTeX Warning: Reference `table:modelcomparison_mae' on page 5 undefined on input line 217.


LaTeX Warning: Reference `table:modelcomparison_mape' on page 5 undefined on input line 217.


LaTeX Warning: Reference `fig:AE' on page 5 undefined on input line 254.


LaTeX Warning: Reference `fig:APE' on page 5 undefined on input line 254.


LaTeX Warning: Reference `table:modelcomparison_mae_filt' on page 5 undefined on input line 254.


LaTeX Warning: Reference `table:modelcomparison_mape_filt' on page 5 undefined on input line 254.

[5]
<AE.png, id=133, 518.1759pt x 564.4287pt>
File: AE.png Graphic file (type png)
<use AE.png>
Package pdftex.def Info: AE.png  used on input line 260.
(pdftex.def)             Requested size: 234.8775pt x 255.84224pt.

Underfull \vbox (badness 10000) has occurred while \output is active []

<APE.png, id=135, 518.1759pt x 564.4287pt>
File: APE.png Graphic file (type png)
<use APE.png>
Package pdftex.def Info: APE.png  used on input line 267.
(pdftex.def)             Requested size: 234.8775pt x 255.84224pt.
 [6 <./AE.png> <./APE.png>]
Underfull \hbox (badness 1077) in paragraph at lines 313--314
\OT1/cmr/m/n/10 graduate-level courses at the Uni-ver-sity of Notre
 []


Underfull \hbox (badness 10000) in paragraph at lines 313--314
\OT1/cmtt/m/n/10 juan-[]esteban-[]berger / Options _ Pricing _ with _
 []

[7]
h:/My Drive/Notre Dame/Spring 2023/ACMS 80695/Options_Pricing_with_Neural_Networks_and_Gradient_Boosters/latex_files/report.tex:371: Undefined control sequence.
l.371 count & \num
                  {10750890} & \num{10750890} & \num{10750890} & \num{107508...
The control sequence at the end of the top line
of your error message was never \def'ed. If you have
misspelled it (e.g., `\hobx'), type `I' and the correct
spelling (e.g., `I\hbox'). Otherwise just continue,
and I'll forget about whatever was undefined.

h:/My Drive/Notre Dame/Spring 2023/ACMS 80695/Options_Pricing_with_Neural_Networks_and_Gradient_Boosters/latex_files/report.tex:371: Undefined control sequence.
l.371 count & \num{10750890} & \num
                                   {10750890} & \num{10750890} & \num{107508...
The control sequence at the end of the top line
of your error message was never \def'ed. If you have
misspelled it (e.g., `\hobx'), type `I' and the correct
spelling (e.g., `I\hbox'). Otherwise just continue,
and I'll forget about whatever was undefined.

h:/My Drive/Notre Dame/Spring 2023/ACMS 80695/Options_Pricing_with_Neural_Networks_and_Gradient_Boosters/latex_files/report.tex:371: Undefined control sequence.
l.371 ... & \num{10750890} & \num{10750890} & \num
                                                  {10750890} & \num{10750890...
The control sequence at the end of the top line
of your error message was never \def'ed. If you have
misspelled it (e.g., `\hobx'), type `I' and the correct
spelling (e.g., `I\hbox'). Otherwise just continue,
and I'll forget about whatever was undefined.

h:/My Drive/Notre Dame/Spring 2023/ACMS 80695/Options_Pricing_with_Neural_Networks_and_Gradient_Boosters/latex_files/report.tex:371: Undefined control sequence.
l.371 ... & \num{10750890} & \num{10750890} & \num
                                                  {10750890} & \num{10750890...
The control sequence at the end of the top line
of your error message was never \def'ed. If you have
misspelled it (e.g., `\hobx'), type `I' and the correct
spelling (e.g., `I\hbox'). Otherwise just continue,
and I'll forget about whatever was undefined.

h:/My Drive/Notre Dame/Spring 2023/ACMS 80695/Options_Pricing_with_Neural_Networks_and_Gradient_Boosters/latex_files/report.tex:371: Undefined control sequence.
l.371 ... & \num{10750890} & \num{10750890} & \num
                                                  {10750890} & \num{10750890}\\
The control sequence at the end of the top line
of your error message was never \def'ed. If you have
misspelled it (e.g., `\hobx'), type `I' and the correct
spelling (e.g., `I\hbox'). Otherwise just continue,
and I'll forget about whatever was undefined.

h:/My Drive/Notre Dame/Spring 2023/ACMS 80695/Options_Pricing_with_Neural_Networks_and_Gradient_Boosters/latex_files/report.tex:371: Undefined control sequence.
l.371 ... & \num{10750890} & \num{10750890} & \num
                                                  {10750890}\\
The control sequence at the end of the top line
of your error message was never \def'ed. If you have
misspelled it (e.g., `\hobx'), type `I' and the correct
spelling (e.g., `I\hbox'). Otherwise just continue,
and I'll forget about whatever was undefined.

h:/My Drive/Notre Dame/Spring 2023/ACMS 80695/Options_Pricing_with_Neural_Networks_and_Gradient_Boosters/latex_files/report.tex:372: Undefined control sequence.
l.372 mean & \num
                 {128.88} & \num{1369.92} & \num{0.51} & \num{2.90} & \num{2...
The control sequence at the end of the top line
of your error message was never \def'ed. If you have
misspelled it (e.g., `\hobx'), type `I' and the correct
spelling (e.g., `I\hbox'). Otherwise just continue,
and I'll forget about whatever was undefined.

h:/My Drive/Notre Dame/Spring 2023/ACMS 80695/Options_Pricing_with_Neural_Networks_and_Gradient_Boosters/latex_files/report.tex:372: Undefined control sequence.
l.372 mean & \num{128.88} & \num
                                {1369.92} & \num{0.51} & \num{2.90} & \num{2...
The control sequence at the end of the top line
of your error message was never \def'ed. If you have
misspelled it (e.g., `\hobx'), type `I' and the correct
spelling (e.g., `I\hbox'). Otherwise just continue,
and I'll forget about whatever was undefined.

h:/My Drive/Notre Dame/Spring 2023/ACMS 80695/Options_Pricing_with_Neural_Networks_and_Gradient_Boosters/latex_files/report.tex:372: Undefined control sequence.
l.372 mean & \num{128.88} & \num{1369.92} & \num
                                                {0.51} & \num{2.90} & \num{2...
The control sequence at the end of the top line
of your error message was never \def'ed. If you have
misspelled it (e.g., `\hobx'), type `I' and the correct
spelling (e.g., `I\hbox'). Otherwise just continue,
and I'll forget about whatever was undefined.

h:/My Drive/Notre Dame/Spring 2023/ACMS 80695/Options_Pricing_with_Neural_Networks_and_Gradient_Boosters/latex_files/report.tex:372: Undefined control sequence.
l.372 ...8.88} & \num{1369.92} & \num{0.51} & \num
                                                  {2.90} & \num{2.36} & \num...
The control sequence at the end of the top line
of your error message was never \def'ed. If you have
misspelled it (e.g., `\hobx'), type `I' and the correct
spelling (e.g., `I\hbox'). Otherwise just continue,
and I'll forget about whatever was undefined.

h:/My Drive/Notre Dame/Spring 2023/ACMS 80695/Options_Pricing_with_Neural_Networks_and_Gradient_Boosters/latex_files/report.tex:372: Undefined control sequence.
l.372 ...1369.92} & \num{0.51} & \num{2.90} & \num
                                                  {2.36} & \num{0.59}\\
The control sequence at the end of the top line
of your error message was never \def'ed. If you have
misspelled it (e.g., `\hobx'), type `I' and the correct
spelling (e.g., `I\hbox'). Otherwise just continue,
and I'll forget about whatever was undefined.

h:/My Drive/Notre Dame/Spring 2023/ACMS 80695/Options_Pricing_with_Neural_Networks_and_Gradient_Boosters/latex_files/report.tex:372: Undefined control sequence.
l.372 ...um{0.51} & \num{2.90} & \num{2.36} & \num
                                                  {0.59}\\
The control sequence at the end of the top line
of your error message was never \def'ed. If you have
misspelled it (e.g., `\hobx'), type `I' and the correct
spelling (e.g., `I\hbox'). Otherwise just continue,
and I'll forget about whatever was undefined.

h:/My Drive/Notre Dame/Spring 2023/ACMS 80695/Options_Pricing_with_Neural_Networks_and_Gradient_Boosters/latex_files/report.tex:373: Undefined control sequence.
l.373 std & \num
                {306.93} & \num{2406.36} & \num{0.44} & \num{1.997617} & \nu...
The control sequence at the end of the top line
of your error message was never \def'ed. If you have
misspelled it (e.g., `\hobx'), type `I' and the correct
spelling (e.g., `I\hbox'). Otherwise just continue,
and I'll forget about whatever was undefined.

h:/My Drive/Notre Dame/Spring 2023/ACMS 80695/Options_Pricing_with_Neural_Networks_and_Gradient_Boosters/latex_files/report.tex:373: Undefined control sequence.
l.373 std & \num{306.93} & \num
                               {2406.36} & \num{0.44} & \num{1.997617} & \nu...
The control sequence at the end of the top line
of your error message was never \def'ed. If you have
misspelled it (e.g., `\hobx'), type `I' and the correct
spelling (e.g., `I\hbox'). Otherwise just continue,
and I'll forget about whatever was undefined.

h:/My Drive/Notre Dame/Spring 2023/ACMS 80695/Options_Pricing_with_Neural_Networks_and_Gradient_Boosters/latex_files/report.tex:373: Undefined control sequence.
l.373 std & \num{306.93} & \num{2406.36} & \num
                                               {0.44} & \num{1.997617} & \nu...
The control sequence at the end of the top line
of your error message was never \def'ed. If you have
misspelled it (e.g., `\hobx'), type `I' and the correct
spelling (e.g., `I\hbox'). Otherwise just continue,
and I'll forget about whatever was undefined.

h:/My Drive/Notre Dame/Spring 2023/ACMS 80695/Options_Pricing_with_Neural_Networks_and_Gradient_Boosters/latex_files/report.tex:373: Undefined control sequence.
l.373 ...6.93} & \num{2406.36} & \num{0.44} & \num
                                                  {1.997617} & \num{2.04} & ...
The control sequence at the end of the top line
of your error message was never \def'ed. If you have
misspelled it (e.g., `\hobx'), type `I' and the correct
spelling (e.g., `I\hbox'). Otherwise just continue,
and I'll forget about whatever was undefined.

h:/My Drive/Notre Dame/Spring 2023/ACMS 80695/Options_Pricing_with_Neural_Networks_and_Gradient_Boosters/latex_files/report.tex:373: Undefined control sequence.
l.373 ....36} & \num{0.44} & \num{1.997617} & \num
                                                  {2.04} & \num{0.53}\\
The control sequence at the end of the top line
of your error message was never \def'ed. If you have
misspelled it (e.g., `\hobx'), type `I' and the correct
spelling (e.g., `I\hbox'). Otherwise just continue,
and I'll forget about whatever was undefined.

h:/My Drive/Notre Dame/Spring 2023/ACMS 80695/Options_Pricing_with_Neural_Networks_and_Gradient_Boosters/latex_files/report.tex:373: Undefined control sequence.
l.373 ....44} & \num{1.997617} & \num{2.04} & \num
                                                  {0.53}\\
The control sequence at the end of the top line
of your error message was never \def'ed. If you have
misspelled it (e.g., `\hobx'), type `I' and the correct
spelling (e.g., `I\hbox'). Otherwise just continue,
and I'll forget about whatever was undefined.

h:/My Drive/Notre Dame/Spring 2023/ACMS 80695/Options_Pricing_with_Neural_Networks_and_Gradient_Boosters/latex_files/report.tex:374: Undefined control sequence.
l.374 min & \num
                {0.015} & \num{5} & \num{0.0112} & \num{0.2935} & \num{0.000...
The control sequence at the end of the top line
of your error message was never \def'ed. If you have
misspelled it (e.g., `\hobx'), type `I' and the correct
spelling (e.g., `I\hbox'). Otherwise just continue,
and I'll forget about whatever was undefined.

h:/My Drive/Notre Dame/Spring 2023/ACMS 80695/Options_Pricing_with_Neural_Networks_and_Gradient_Boosters/latex_files/report.tex:374: Undefined control sequence.
l.374 min & \num{0.015} & \num
                              {5} & \num{0.0112} & \num{0.2935} & \num{0.000...
The control sequence at the end of the top line
of your error message was never \def'ed. If you have
misspelled it (e.g., `\hobx'), type `I' and the correct
spelling (e.g., `I\hbox'). Otherwise just continue,
and I'll forget about whatever was undefined.

h:/My Drive/Notre Dame/Spring 2023/ACMS 80695/Options_Pricing_with_Neural_Networks_and_Gradient_Boosters/latex_files/report.tex:374: Undefined control sequence.
l.374 min & \num{0.015} & \num{5} & \num
                                        {0.0112} & \num{0.2935} & \num{0.000...
The control sequence at the end of the top line
of your error message was never \def'ed. If you have
misspelled it (e.g., `\hobx'), type `I' and the correct
spelling (e.g., `I\hbox'). Otherwise just continue,
and I'll forget about whatever was undefined.

h:/My Drive/Notre Dame/Spring 2023/ACMS 80695/Options_Pricing_with_Neural_Networks_and_Gradient_Boosters/latex_files/report.tex:374: Undefined control sequence.
l.374 ...um{0.015} & \num{5} & \num{0.0112} & \num
                                                  {0.2935} & \num{0.000107} ...
The control sequence at the end of the top line
of your error message was never \def'ed. If you have
misspelled it (e.g., `\hobx'), type `I' and the correct
spelling (e.g., `I\hbox'). Otherwise just continue,
and I'll forget about whatever was undefined.

h:/My Drive/Notre Dame/Spring 2023/ACMS 80695/Options_Pricing_with_Neural_Networks_and_Gradient_Boosters/latex_files/report.tex:374: Undefined control sequence.
l.374 ...m{5} & \num{0.0112} & \num{0.2935} & \num
                                                  {0.000107} & \num{0.00274}\\
The control sequence at the end of the top line
of your error message was never \def'ed. If you have
misspelled it (e.g., `\hobx'), type `I' and the correct
spelling (e.g., `I\hbox'). Otherwise just continue,
and I'll forget about whatever was undefined.

h:/My Drive/Notre Dame/Spring 2023/ACMS 80695/Options_Pricing_with_Neural_Networks_and_Gradient_Boosters/latex_files/report.tex:374: Undefined control sequence.
l.374 ...2} & \num{0.2935} & \num{0.000107} & \num
                                                  {0.00274}\\
The control sequence at the end of the top line
of your error message was never \def'ed. If you have
misspelled it (e.g., `\hobx'), type `I' and the correct
spelling (e.g., `I\hbox'). Otherwise just continue,
and I'll forget about whatever was undefined.

h:/My Drive/Notre Dame/Spring 2023/ACMS 80695/Options_Pricing_with_Neural_Networks_and_Gradient_Boosters/latex_files/report.tex:375: Undefined control sequence.
l.375 25\% & \num
                 {6.5} & \num{275} & \num{0.2354} & \num{1.29} & \num{1.27} ...
The control sequence at the end of the top line
of your error message was never \def'ed. If you have
misspelled it (e.g., `\hobx'), type `I' and the correct
spelling (e.g., `I\hbox'). Otherwise just continue,
and I'll forget about whatever was undefined.

h:/My Drive/Notre Dame/Spring 2023/ACMS 80695/Options_Pricing_with_Neural_Networks_and_Gradient_Boosters/latex_files/report.tex:375: Undefined control sequence.
l.375 25\% & \num{6.5} & \num
                             {275} & \num{0.2354} & \num{1.29} & \num{1.27} ...
The control sequence at the end of the top line
of your error message was never \def'ed. If you have
misspelled it (e.g., `\hobx'), type `I' and the correct
spelling (e.g., `I\hbox'). Otherwise just continue,
and I'll forget about whatever was undefined.

h:/My Drive/Notre Dame/Spring 2023/ACMS 80695/Options_Pricing_with_Neural_Networks_and_Gradient_Boosters/latex_files/report.tex:375: Undefined control sequence.
l.375 25\% & \num{6.5} & \num{275} & \num
                                         {0.2354} & \num{1.29} & \num{1.27} ...
The control sequence at the end of the top line
of your error message was never \def'ed. If you have
misspelled it (e.g., `\hobx'), type `I' and the correct
spelling (e.g., `I\hbox'). Otherwise just continue,
and I'll forget about whatever was undefined.

h:/My Drive/Notre Dame/Spring 2023/ACMS 80695/Options_Pricing_with_Neural_Networks_and_Gradient_Boosters/latex_files/report.tex:375: Undefined control sequence.
l.375 ...um{6.5} & \num{275} & \num{0.2354} & \num
                                                  {1.29} & \num{1.27} & \num...
The control sequence at the end of the top line
of your error message was never \def'ed. If you have
misspelled it (e.g., `\hobx'), type `I' and the correct
spelling (e.g., `I\hbox'). Otherwise just continue,
and I'll forget about whatever was undefined.

h:/My Drive/Notre Dame/Spring 2023/ACMS 80695/Options_Pricing_with_Neural_Networks_and_Gradient_Boosters/latex_files/report.tex:375: Undefined control sequence.
l.375 ...m{275} & \num{0.2354} & \num{1.29} & \num
                                                  {1.27} & \num{0.2163}\\
The control sequence at the end of the top line
of your error message was never \def'ed. If you have
misspelled it (e.g., `\hobx'), type `I' and the correct
spelling (e.g., `I\hbox'). Otherwise just continue,
and I'll forget about whatever was undefined.

h:/My Drive/Notre Dame/Spring 2023/ACMS 80695/Options_Pricing_with_Neural_Networks_and_Gradient_Boosters/latex_files/report.tex:375: Undefined control sequence.
l.375 ...{0.2354} & \num{1.29} & \num{1.27} & \num
                                                  {0.2163}\\
The control sequence at the end of the top line
of your error message was never \def'ed. If you have
misspelled it (e.g., `\hobx'), type `I' and the correct
spelling (e.g., `I\hbox'). Otherwise just continue,
and I'll forget about whatever was undefined.

h:/My Drive/Notre Dame/Spring 2023/ACMS 80695/Options_Pricing_with_Neural_Networks_and_Gradient_Boosters/latex_files/report.tex:376: Undefined control sequence.
l.376 50\% & \num
                 {32} & \num{620} & \num{0.3669} & \num{2.21} & \num{1.88} &...
The control sequence at the end of the top line
of your error message was never \def'ed. If you have
misspelled it (e.g., `\hobx'), type `I' and the correct
spelling (e.g., `I\hbox'). Otherwise just continue,
and I'll forget about whatever was undefined.

h:/My Drive/Notre Dame/Spring 2023/ACMS 80695/Options_Pricing_with_Neural_Networks_and_Gradient_Boosters/latex_files/report.tex:376: Undefined control sequence.
l.376 50\% & \num{32} & \num
                            {620} & \num{0.3669} & \num{2.21} & \num{1.88} &...
The control sequence at the end of the top line
of your error message was never \def'ed. If you have
misspelled it (e.g., `\hobx'), type `I' and the correct
spelling (e.g., `I\hbox'). Otherwise just continue,
and I'll forget about whatever was undefined.

h:/My Drive/Notre Dame/Spring 2023/ACMS 80695/Options_Pricing_with_Neural_Networks_and_Gradient_Boosters/latex_files/report.tex:376: Undefined control sequence.
l.376 50\% & \num{32} & \num{620} & \num
                                        {0.3669} & \num{2.21} & \num{1.88} &...
The control sequence at the end of the top line
of your error message was never \def'ed. If you have
misspelled it (e.g., `\hobx'), type `I' and the correct
spelling (e.g., `I\hbox'). Otherwise just continue,
and I'll forget about whatever was undefined.

h:/My Drive/Notre Dame/Spring 2023/ACMS 80695/Options_Pricing_with_Neural_Networks_and_Gradient_Boosters/latex_files/report.tex:376: Undefined control sequence.
l.376 ...num{32} & \num{620} & \num{0.3669} & \num
                                                  {2.21} & \num{1.88} & \num...
The control sequence at the end of the top line
of your error message was never \def'ed. If you have
misspelled it (e.g., `\hobx'), type `I' and the correct
spelling (e.g., `I\hbox'). Otherwise just continue,
and I'll forget about whatever was undefined.

h:/My Drive/Notre Dame/Spring 2023/ACMS 80695/Options_Pricing_with_Neural_Networks_and_Gradient_Boosters/latex_files/report.tex:376: Undefined control sequence.
l.376 ...m{620} & \num{0.3669} & \num{2.21} & \num
                                                  {1.88} & \num{0.5202}\\
The control sequence at the end of the top line
of your error message was never \def'ed. If you have
misspelled it (e.g., `\hobx'), type `I' and the correct
spelling (e.g., `I\hbox'). Otherwise just continue,
and I'll forget about whatever was undefined.

h:/My Drive/Notre Dame/Spring 2023/ACMS 80695/Options_Pricing_with_Neural_Networks_and_Gradient_Boosters/latex_files/report.tex:376: Undefined control sequence.
l.376 ...{0.3669} & \num{2.21} & \num{1.88} & \num
                                                  {0.5202}\\
The control sequence at the end of the top line
of your error message was never \def'ed. If you have
misspelled it (e.g., `\hobx'), type `I' and the correct
spelling (e.g., `I\hbox'). Otherwise just continue,
and I'll forget about whatever was undefined.

h:/My Drive/Notre Dame/Spring 2023/ACMS 80695/Options_Pricing_with_Neural_Networks_and_Gradient_Boosters/latex_files/report.tex:377: Undefined control sequence.
l.377 75\% & \num
                 {112.1} & \num{1495} & \num{0.6167} & \num{4.58} & \num{2.5...
The control sequence at the end of the top line
of your error message was never \def'ed. If you have
misspelled it (e.g., `\hobx'), type `I' and the correct
spelling (e.g., `I\hbox'). Otherwise just continue,
and I'll forget about whatever was undefined.

h:/My Drive/Notre Dame/Spring 2023/ACMS 80695/Options_Pricing_with_Neural_Networks_and_Gradient_Boosters/latex_files/report.tex:377: Undefined control sequence.
l.377 75\% & \num{112.1} & \num
                               {1495} & \num{0.6167} & \num{4.58} & \num{2.5...
The control sequence at the end of the top line
of your error message was never \def'ed. If you have
misspelled it (e.g., `\hobx'), type `I' and the correct
spelling (e.g., `I\hbox'). Otherwise just continue,
and I'll forget about whatever was undefined.

h:/My Drive/Notre Dame/Spring 2023/ACMS 80695/Options_Pricing_with_Neural_Networks_and_Gradient_Boosters/latex_files/report.tex:377: Undefined control sequence.
l.377 75\% & \num{112.1} & \num{1495} & \num
                                            {0.6167} & \num{4.58} & \num{2.5...
The control sequence at the end of the top line
of your error message was never \def'ed. If you have
misspelled it (e.g., `\hobx'), type `I' and the correct
spelling (e.g., `I\hbox'). Otherwise just continue,
and I'll forget about whatever was undefined.

h:/My Drive/Notre Dame/Spring 2023/ACMS 80695/Options_Pricing_with_Neural_Networks_and_Gradient_Boosters/latex_files/report.tex:377: Undefined control sequence.
l.377 ...112.1} & \num{1495} & \num{0.6167} & \num
                                                  {4.58} & \num{2.54} & \num...
The control sequence at the end of the top line
of your error message was never \def'ed. If you have
misspelled it (e.g., `\hobx'), type `I' and the correct
spelling (e.g., `I\hbox'). Otherwise just continue,
and I'll forget about whatever was undefined.

h:/My Drive/Notre Dame/Spring 2023/ACMS 80695/Options_Pricing_with_Neural_Networks_and_Gradient_Boosters/latex_files/report.tex:377: Undefined control sequence.
l.377 ...{1495} & \num{0.6167} & \num{4.58} & \num
                                                  {2.54} & \num{0.7392}\\
The control sequence at the end of the top line
of your error message was never \def'ed. If you have
misspelled it (e.g., `\hobx'), type `I' and the correct
spelling (e.g., `I\hbox'). Otherwise just continue,
and I'll forget about whatever was undefined.

h:/My Drive/Notre Dame/Spring 2023/ACMS 80695/Options_Pricing_with_Neural_Networks_and_Gradient_Boosters/latex_files/report.tex:377: Undefined control sequence.
l.377 ...{0.6167} & \num{4.58} & \num{2.54} & \num
                                                  {0.7392}\\
The control sequence at the end of the top line
of your error message was never \def'ed. If you have
misspelled it (e.g., `\hobx'), type `I' and the correct
spelling (e.g., `I\hbox'). Otherwise just continue,
and I'll forget about whatever was undefined.

h:/My Drive/Notre Dame/Spring 2023/ACMS 80695/Options_Pricing_with_Neural_Networks_and_Gradient_Boosters/latex_files/report.tex:378: Undefined control sequence.
l.378 max & \num
                {13267} & \num{21500} & \num{2.99999} & \num{7.63} & \num{14...
The control sequence at the end of the top line
of your error message was never \def'ed. If you have
misspelled it (e.g., `\hobx'), type `I' and the correct
spelling (e.g., `I\hbox'). Otherwise just continue,
and I'll forget about whatever was undefined.

h:/My Drive/Notre Dame/Spring 2023/ACMS 80695/Options_Pricing_with_Neural_Networks_and_Gradient_Boosters/latex_files/report.tex:378: Undefined control sequence.
l.378 max & \num{13267} & \num
                              {21500} & \num{2.99999} & \num{7.63} & \num{14...
The control sequence at the end of the top line
of your error message was never \def'ed. If you have
misspelled it (e.g., `\hobx'), type `I' and the correct
spelling (e.g., `I\hbox'). Otherwise just continue,
and I'll forget about whatever was undefined.

h:/My Drive/Notre Dame/Spring 2023/ACMS 80695/Options_Pricing_with_Neural_Networks_and_Gradient_Boosters/latex_files/report.tex:378: Undefined control sequence.
l.378 max & \num{13267} & \num{21500} & \num
                                            {2.99999} & \num{7.63} & \num{14...
The control sequence at the end of the top line
of your error message was never \def'ed. If you have
misspelled it (e.g., `\hobx'), type `I' and the correct
spelling (e.g., `I\hbox'). Otherwise just continue,
and I'll forget about whatever was undefined.

h:/My Drive/Notre Dame/Spring 2023/ACMS 80695/Options_Pricing_with_Neural_Networks_and_Gradient_Boosters/latex_files/report.tex:378: Undefined control sequence.
l.378 ...267} & \num{21500} & \num{2.99999} & \num
                                                  {7.63} & \num{147.35} & \n...
The control sequence at the end of the top line
of your error message was never \def'ed. If you have
misspelled it (e.g., `\hobx'), type `I' and the correct
spelling (e.g., `I\hbox'). Otherwise just continue,
and I'll forget about whatever was undefined.

h:/My Drive/Notre Dame/Spring 2023/ACMS 80695/Options_Pricing_with_Neural_Networks_and_Gradient_Boosters/latex_files/report.tex:378: Undefined control sequence.
l.378 ...1500} & \num{2.99999} & \num{7.63} & \num
                                                  {147.35} & \num{4.7967}\\
The control sequence at the end of the top line
of your error message was never \def'ed. If you have
misspelled it (e.g., `\hobx'), type `I' and the correct
spelling (e.g., `I\hbox'). Otherwise just continue,
and I'll forget about whatever was undefined.

h:/My Drive/Notre Dame/Spring 2023/ACMS 80695/Options_Pricing_with_Neural_Networks_and_Gradient_Boosters/latex_files/report.tex:378: Undefined control sequence.
l.378 ...99999} & \num{7.63} & \num{147.35} & \num
                                                  {4.7967}\\
The control sequence at the end of the top line
of your error message was never \def'ed. If you have
misspelled it (e.g., `\hobx'), type `I' and the correct
spelling (e.g., `I\hbox'). Otherwise just continue,
and I'll forget about whatever was undefined.

<01_midpoint_dist.png, id=170, 425.6703pt x 315.8199pt>
File: 01_midpoint_dist.png Graphic file (type png)
<use 01_midpoint_dist.png>
Package pdftex.def Info: 01_midpoint_dist.png  used on input line 386.
(pdftex.def)             Requested size: 234.8775pt x 174.2653pt.
<02_strike_price_dist.png, id=171, 431.4519pt x 315.8199pt>
File: 02_strike_price_dist.png Graphic file (type png)
<use 02_strike_price_dist.png>
Package pdftex.def Info: 02_strike_price_dist.png  used on input line 393.
(pdftex.def)             Requested size: 234.8775pt x 171.93289pt.
<03_imp_vol_dist.png, id=172, 425.6703pt x 315.8199pt>
File: 03_imp_vol_dist.png Graphic file (type png)
<use 03_imp_vol_dist.png>
Package pdftex.def Info: 03_imp_vol_dist.png  used on input line 402.
(pdftex.def)             Requested size: 234.8775pt x 174.2653pt.
<04_zero_coupon_dist.png, id=173, 432.1746pt x 312.2064pt>
File: 04_zero_coupon_dist.png Graphic file (type png)
<use 04_zero_coupon_dist.png>
Package pdftex.def Info: 04_zero_coupon_dist.png  used on input line 409.
(pdftex.def)             Requested size: 234.8775pt x 169.67511pt.

Underfull \vbox (badness 7944) has occurred while \output is active []

 [8

 <./01_midpoint_dist.png> <./02_strike_price_dist.png> <./03_imp_vol_dist.png> <./04_zero_coupon_dist.png>]
<05_div_yield_dist.png, id=188, 431.4519pt x 315.8199pt>
File: 05_div_yield_dist.png Graphic file (type png)
<use 05_div_yield_dist.png>
Package pdftex.def Info: 05_div_yield_dist.png  used on input line 420.
(pdftex.def)             Requested size: 234.8775pt x 171.93289pt.
<06_time_dist.png, id=189, 431.4519pt x 315.8199pt>
File: 06_time_dist.png Graphic file (type png)
<use 06_time_dist.png>
Package pdftex.def Info: 06_time_dist.png  used on input line 427.
(pdftex.def)             Requested size: 234.8775pt x 171.93289pt.
<07_opt_type_dist.png, id=190, 400.3758pt x 323.7696pt>
File: 07_opt_type_dist.png Graphic file (type png)
<use 07_opt_type_dist.png>
Package pdftex.def Info: 07_opt_type_dist.png  used on input line 436.
(pdftex.def)             Requested size: 234.8775pt x 189.94048pt.
 [9 <./05_div_yield_dist.png> <./06_time_dist.png> <./07_opt_type_dist.png>] (report.aux)

LaTeX Warning: There were undefined references.


LaTeX Warning: Label(s) may have changed. Rerun to get cross-references right.


Package rerunfilecheck Warning: File `report.out' has changed.
(rerunfilecheck)                Rerun to get outlines right
(rerunfilecheck)                or use package `bookmark'.

Package rerunfilecheck Info: Checksums for `report.out':
(rerunfilecheck)             Before: <no file>
(rerunfilecheck)             After:  FCD0CB0FBC1C3361AB1D71BA200A236B;1355.
 ) 
Here is how much of TeX's memory you used:
 13157 strings out of 475281
 209711 string characters out of 2773120
 850516 words of memory out of 3000000
 34360 multiletter control sequences out of 15000+600000
 475026 words of font info for 49 fonts, out of 8000000 for 9000
 1141 hyphenation exceptions out of 8191
 72i,12n,77p,1763b,1680s stack positions out of 10000i,1000n,20000p,200000b,80000s
<C:/Users/Juanesh/AppData/Local/Programs/MiKTeX/fonts/type1/public/amsfonts/cm/cmbx10.pfb><C:/Users/Juanesh/AppData/Local/Programs/MiKTeX/fonts/type1/public/amsfonts/cm/cmbx12.pfb><C:/Users/Juanesh/AppData/Local/Programs/MiKTeX/fonts/type1/public/amsfonts/cm/cmmi10.pfb><C:/Users/Juanesh/AppData/Local/Programs/MiKTeX/fonts/type1/public/amsfonts/cm/cmmi7.pfb><C:/Users/Juanesh/AppData/Local/Programs/MiKTeX/fonts/type1/public/amsfonts/cm/cmr10.pfb><C:/Users/Juanesh/AppData/Local/Programs/MiKTeX/fonts/type1/public/amsfonts/cm/cmr12.pfb><C:/Users/Juanesh/AppData/Local/Programs/MiKTeX/fonts/type1/public/amsfonts/cm/cmr5.pfb><C:/Users/Juanesh/AppData/Local/Programs/MiKTeX/fonts/type1/public/amsfonts/cm/cmr7.pfb><C:/Users/Juanesh/AppData/Local/Programs/MiKTeX/fonts/type1/public/amsfonts/cm/cmsy10.pfb><C:/Users/Juanesh/AppData/Local/Programs/MiKTeX/fonts/type1/public/amsfonts/cm/cmsy7.pfb><C:/Users/Juanesh/AppData/Local/Programs/MiKTeX/fonts/type1/public/amsfonts/cm/cmti10.pfb><C:/Users/Juanesh/AppData/Local/Programs/MiKTeX/fonts/type1/public/amsfonts/cm/cmtt10.pfb><C:/Users/Juanesh/AppData/Local/Programs/MiKTeX/fonts/type1/public/amsfonts/cm/cmtt8.pfb>
Output written on report.pdf (9 pages, 534790 bytes).
PDF statistics:
 283 PDF objects out of 1000 (max. 8388607)
 130 named destinations out of 1000 (max. 500000)
 46 words of extra memory for PDF output out of 10000 (max. 10000000)

